<?xml version="1.0" encoding="UTF-8"?>
<!-- Generated by org.testng.reporters.JUnitXMLReporter -->
<testsuite hostname="VDLT247" ignored="0" name="Contacts HomePage Test" tests="4" failures="1" timestamp="2020-07-02T14:44:22 IST" time="117.779" errors="0">
  <testcase name="verifyContactHeaderTest" time="0.201" classname="com.qa.contacts.tests.ContactsHomePageTest"/>
  <testcase name="verifySetPasswordTest" time="20.123" classname="com.qa.contacts.tests.ContactsHomePageTest">
    <failure type="java.lang.AssertionError" message="expected [true] but found [false]">
      <![CDATA[java.lang.AssertionError: expected [true] but found [false]
at com.qa.contacts.tests.ContactsHomePageTest.verifySetPasswordTest(ContactsHomePageTest.java:33)
at java.util.ArrayList.forEach(Unknown Source)
... Removed 31 stack frames]]>
    </failure>
  </testcase> <!-- verifySetPasswordTest -->
  <testcase name="goToBackUpRestoreTest" time="0.366" classname="com.qa.contacts.tests.ContactsHomePageTest"/>
  <testcase name="goToContactUsTest" time="0.362" classname="com.qa.contacts.tests.ContactsHomePageTest"/>
</testsuite> <!-- Contacts HomePage Test -->
