<?xml version="1.0" encoding="UTF-8"?>
<!-- Generated by org.testng.reporters.JUnitXMLReporter -->
<testsuite ignored="0" hostname="LAPTOP-UASL38CC" failures="1" tests="3" name="Contacts HomePage" time="85.82" errors="0" timestamp="30 Jun 2020 08:03:02 GMT">
  <testcase classname="com.qa.contacts.tests.ContactsHomePageTest" name="verifyContactHeaderTest" time="0.266"/>
  <testcase classname="com.qa.contacts.tests.ContactsHomePageTest" name="verifySetPasswordTest" time="20.168">
    <failure type="java.lang.AssertionError" message="expected [true] but found [false]">
      <![CDATA[java.lang.AssertionError: expected [true] but found [false]
at com.qa.contacts.tests.ContactsHomePageTest.verifySetPasswordTest(ContactsHomePageTest.java:66)
... Removed 29 stack frames]]>
    </failure>
  </testcase> <!-- verifySetPasswordTest -->
  <testcase classname="com.qa.contacts.tests.ContactsHomePageTest" name="goToBackUpRestoreTest" time="0.198"/>
</testsuite> <!-- Contacts HomePage -->
