<?xml version="1.0" encoding="UTF-8"?>
<!-- Generated by org.testng.reporters.JUnitXMLReporter -->
<testsuite hostname="VDLT247" ignored="0" name="Contacts HomePage Test" tests="4" failures="1" timestamp="02 Jul 2020 08:36:05 GMT" time="105.894" errors="0">
  <testcase name="verifyContactHeaderTest" time="0.169" classname="com.qa.contacts.tests.ContactsHomePageTest"/>
  <testcase name="verifySetPasswordTest" time="20.57" classname="com.qa.contacts.tests.ContactsHomePageTest">
    <failure type="java.lang.AssertionError" message="expected [true] but found [false]">
      <![CDATA[java.lang.AssertionError: expected [true] but found [false]
at com.qa.contacts.tests.ContactsHomePageTest.verifySetPasswordTest(ContactsHomePageTest.java:33)
... Removed 32 stack frames]]>
    </failure>
  </testcase> <!-- verifySetPasswordTest -->
  <testcase name="goToBackUpRestoreTest" time="0.157" classname="com.qa.contacts.tests.ContactsHomePageTest"/>
  <testcase name="goToContactUsTest" time="0.208" classname="com.qa.contacts.tests.ContactsHomePageTest"/>
</testsuite> <!-- Contacts HomePage Test -->
