<?xml version="1.0" encoding="UTF-8"?>
<testng-results skipped="0" failed="1" ignored="0" total="8" passed="7">
  <reporter-output>
  </reporter-output>
  <suite name="POC Tests - Contacts Manager" duration-ms="203276" started-at="2020-07-02T08:34:19Z" finished-at="2020-07-02T08:37:42Z">
    <groups>
    </groups>
    <test name="Contacts HomePage Test" duration-ms="105894" started-at="2020-07-02T08:34:19Z" finished-at="2020-07-02T08:36:05Z">
      <class name="com.qa.contacts.tests.ContactsHomePageTest">
        <test-method status="PASS" signature="setUp()[pri:0, instance:com.qa.contacts.tests.ContactsHomePageTest@31e32ea2]" name="setUp" is-config="true" duration-ms="21637" started-at="2020-07-02T08:34:19Z" finished-at="2020-07-02T08:34:41Z">
          <reporter-output>
          </reporter-output>
        </test-method> <!-- setUp -->
        <test-method status="PASS" signature="verifyContactHeaderTest()[pri:1, instance:com.qa.contacts.tests.ContactsHomePageTest@31e32ea2]" name="verifyContactHeaderTest" duration-ms="169" started-at="2020-07-02T08:34:41Z" description="verify contact header test.....!!!" finished-at="2020-07-02T08:34:41Z">
          <reporter-output>
          </reporter-output>
        </test-method> <!-- verifyContactHeaderTest -->
        <test-method status="PASS" signature="tearDown()[pri:0, instance:com.qa.contacts.tests.ContactsHomePageTest@31e32ea2]" name="tearDown" is-config="true" duration-ms="244" started-at="2020-07-02T08:34:41Z" finished-at="2020-07-02T08:34:41Z">
          <reporter-output>
          </reporter-output>
        </test-method> <!-- tearDown -->
        <test-method status="PASS" signature="setUp()[pri:0, instance:com.qa.contacts.tests.ContactsHomePageTest@31e32ea2]" name="setUp" is-config="true" duration-ms="19979" started-at="2020-07-02T08:34:41Z" finished-at="2020-07-02T08:35:01Z">
          <reporter-output>
          </reporter-output>
        </test-method> <!-- setUp -->
        <test-method status="FAIL" signature="verifySetPasswordTest()[pri:2, instance:com.qa.contacts.tests.ContactsHomePageTest@31e32ea2]" name="verifySetPasswordTest" duration-ms="20570" started-at="2020-07-02T08:35:01Z" finished-at="2020-07-02T08:35:22Z">
          <exception class="java.lang.AssertionError">
            <message>
              <![CDATA[expected [true] but found [false]]]>
            </message>
            <full-stacktrace>
              <![CDATA[java.lang.AssertionError: expected [true] but found [false]
at org.testng.Assert.fail(Assert.java:96)
at org.testng.Assert.failNotEquals(Assert.java:776)
at org.testng.Assert.assertTrue(Assert.java:44)
at org.testng.Assert.assertTrue(Assert.java:54)
at com.qa.contacts.tests.ContactsHomePageTest.verifySetPasswordTest(ContactsHomePageTest.java:33)
at sun.reflect.NativeMethodAccessorImpl.invoke0(Native Method)
at sun.reflect.NativeMethodAccessorImpl.invoke(NativeMethodAccessorImpl.java:62)
at sun.reflect.DelegatingMethodAccessorImpl.invoke(DelegatingMethodAccessorImpl.java:43)
at java.lang.reflect.Method.invoke(Method.java:498)
at org.testng.internal.MethodInvocationHelper.invokeMethod(MethodInvocationHelper.java:124)
at org.testng.internal.Invoker.invokeMethod(Invoker.java:583)
at org.testng.internal.Invoker.invokeTestMethod(Invoker.java:719)
at org.testng.internal.Invoker.invokeTestMethods(Invoker.java:989)
at org.testng.internal.TestMethodWorker.invokeTestMethods(TestMethodWorker.java:125)
at org.testng.internal.TestMethodWorker.run(TestMethodWorker.java:109)
at org.testng.TestRunner.privateRun(TestRunner.java:648)
at org.testng.TestRunner.run(TestRunner.java:505)
at org.testng.SuiteRunner.runTest(SuiteRunner.java:455)
at org.testng.SuiteRunner.runSequentially(SuiteRunner.java:450)
at org.testng.SuiteRunner.privateRun(SuiteRunner.java:415)
at org.testng.SuiteRunner.run(SuiteRunner.java:364)
at org.testng.SuiteRunnerWorker.runSuite(SuiteRunnerWorker.java:52)
at org.testng.SuiteRunnerWorker.run(SuiteRunnerWorker.java:84)
at org.testng.TestNG.runSuitesSequentially(TestNG.java:1208)
at org.testng.TestNG.runSuitesLocally(TestNG.java:1137)
at org.testng.TestNG.runSuites(TestNG.java:1049)
at org.testng.TestNG.run(TestNG.java:1017)
at org.apache.maven.surefire.testng.TestNGExecutor.run(TestNGExecutor.java:283)
at org.apache.maven.surefire.testng.TestNGXmlTestSuite.execute(TestNGXmlTestSuite.java:75)
at org.apache.maven.surefire.testng.TestNGProvider.invoke(TestNGProvider.java:120)
at org.apache.maven.surefire.booter.ForkedBooter.invokeProviderInSameClassLoader(ForkedBooter.java:386)
at org.apache.maven.surefire.booter.ForkedBooter.runSuitesInProcess(ForkedBooter.java:323)
at org.apache.maven.surefire.booter.ForkedBooter.main(ForkedBooter.java:143)
]]>
            </full-stacktrace>
          </exception> <!-- java.lang.AssertionError -->
          <reporter-output>
          </reporter-output>
        </test-method> <!-- verifySetPasswordTest -->
        <test-method status="PASS" signature="tearDown()[pri:0, instance:com.qa.contacts.tests.ContactsHomePageTest@31e32ea2]" name="tearDown" is-config="true" duration-ms="207" started-at="2020-07-02T08:35:22Z" finished-at="2020-07-02T08:35:22Z">
          <reporter-output>
          </reporter-output>
        </test-method> <!-- tearDown -->
        <test-method status="PASS" signature="setUp()[pri:0, instance:com.qa.contacts.tests.ContactsHomePageTest@31e32ea2]" name="setUp" is-config="true" duration-ms="21480" started-at="2020-07-02T08:35:22Z" finished-at="2020-07-02T08:35:44Z">
          <reporter-output>
          </reporter-output>
        </test-method> <!-- setUp -->
        <test-method status="PASS" signature="goToBackUpRestoreTest()[pri:3, instance:com.qa.contacts.tests.ContactsHomePageTest@31e32ea2]" name="goToBackUpRestoreTest" duration-ms="157" started-at="2020-07-02T08:35:44Z" finished-at="2020-07-02T08:35:44Z">
          <reporter-output>
          </reporter-output>
        </test-method> <!-- goToBackUpRestoreTest -->
        <test-method status="PASS" signature="tearDown()[pri:0, instance:com.qa.contacts.tests.ContactsHomePageTest@31e32ea2]" name="tearDown" is-config="true" duration-ms="263" started-at="2020-07-02T08:35:44Z" finished-at="2020-07-02T08:35:44Z">
          <reporter-output>
          </reporter-output>
        </test-method> <!-- tearDown -->
        <test-method status="PASS" signature="setUp()[pri:0, instance:com.qa.contacts.tests.ContactsHomePageTest@31e32ea2]" name="setUp" is-config="true" duration-ms="20173" started-at="2020-07-02T08:35:44Z" finished-at="2020-07-02T08:36:04Z">
          <reporter-output>
          </reporter-output>
        </test-method> <!-- setUp -->
        <test-method status="PASS" signature="goToContactUsTest()[pri:4, instance:com.qa.contacts.tests.ContactsHomePageTest@31e32ea2]" name="goToContactUsTest" duration-ms="208" started-at="2020-07-02T08:36:04Z" finished-at="2020-07-02T08:36:05Z">
          <reporter-output>
          </reporter-output>
        </test-method> <!-- goToContactUsTest -->
        <test-method status="PASS" signature="tearDown()[pri:0, instance:com.qa.contacts.tests.ContactsHomePageTest@31e32ea2]" name="tearDown" is-config="true" duration-ms="283" started-at="2020-07-02T08:36:05Z" finished-at="2020-07-02T08:36:05Z">
          <reporter-output>
          </reporter-output>
        </test-method> <!-- tearDown -->
      </class> <!-- com.qa.contacts.tests.ContactsHomePageTest -->
    </test> <!-- Contacts HomePage Test -->
    <test name="BackupRestore Test" duration-ms="45197" started-at="2020-07-02T08:36:05Z" finished-at="2020-07-02T08:36:50Z">
      <class name="com.qa.contacts.tests.BackupRestoreTest">
        <test-method status="PASS" signature="setUp()[pri:0, instance:com.qa.contacts.tests.BackupRestoreTest@7cedfa63]" name="setUp" is-config="true" duration-ms="21375" started-at="2020-07-02T08:36:05Z" finished-at="2020-07-02T08:36:26Z">
          <reporter-output>
          </reporter-output>
        </test-method> <!-- setUp -->
        <test-method status="PASS" signature="verifyRestoreContactsTextTest()[pri:1, instance:com.qa.contacts.tests.BackupRestoreTest@7cedfa63]" name="verifyRestoreContactsTextTest" duration-ms="1276" started-at="2020-07-02T08:36:26Z" description="verify restore contact text.....!!!" finished-at="2020-07-02T08:36:28Z">
          <reporter-output>
          </reporter-output>
        </test-method> <!-- verifyRestoreContactsTextTest -->
        <test-method status="PASS" signature="tearDown()[pri:0, instance:com.qa.contacts.tests.BackupRestoreTest@7cedfa63]" name="tearDown" is-config="true" duration-ms="246" started-at="2020-07-02T08:36:28Z" finished-at="2020-07-02T08:36:28Z">
          <reporter-output>
          </reporter-output>
        </test-method> <!-- tearDown -->
        <test-method status="PASS" signature="setUp()[pri:0, instance:com.qa.contacts.tests.BackupRestoreTest@7cedfa63]" name="setUp" is-config="true" duration-ms="20374" started-at="2020-07-02T08:36:28Z" finished-at="2020-07-02T08:36:48Z">
          <reporter-output>
          </reporter-output>
        </test-method> <!-- setUp -->
        <test-method status="PASS" signature="verifyContactClickTest()[pri:2, instance:com.qa.contacts.tests.BackupRestoreTest@7cedfa63]" name="verifyContactClickTest" duration-ms="1596" started-at="2020-07-02T08:36:48Z" description="verify clicking on BackupRestore test.....!!!" finished-at="2020-07-02T08:36:50Z">
          <reporter-output>
          </reporter-output>
        </test-method> <!-- verifyContactClickTest -->
        <test-method status="PASS" signature="tearDown()[pri:0, instance:com.qa.contacts.tests.BackupRestoreTest@7cedfa63]" name="tearDown" is-config="true" duration-ms="307" started-at="2020-07-02T08:36:50Z" finished-at="2020-07-02T08:36:50Z">
          <reporter-output>
          </reporter-output>
        </test-method> <!-- tearDown -->
      </class> <!-- com.qa.contacts.tests.BackupRestoreTest -->
    </test> <!-- BackupRestore Test -->
    <test name="New Contact Us Request Test" duration-ms="52129" started-at="2020-07-02T08:36:50Z" finished-at="2020-07-02T08:37:42Z">
      <class name="com.qa.contacts.tests.ContactusTest">
        <test-method status="PASS" signature="setUp()[pri:0, instance:com.qa.contacts.tests.ContactusTest@12db3386]" name="setUp" is-config="true" duration-ms="21458" started-at="2020-07-02T08:36:50Z" finished-at="2020-07-02T08:37:12Z">
          <reporter-output>
          </reporter-output>
        </test-method> <!-- setUp -->
        <test-method status="PASS" signature="verifyContactUsHeaderTest()[pri:1, instance:com.qa.contacts.tests.ContactusTest@12db3386]" name="verifyContactUsHeaderTest" duration-ms="1536" started-at="2020-07-02T08:37:12Z" description="verify contactus header test.....!!!" finished-at="2020-07-02T08:37:13Z">
          <reporter-output>
          </reporter-output>
        </test-method> <!-- verifyContactUsHeaderTest -->
        <test-method status="PASS" signature="tearDown()[pri:0, instance:com.qa.contacts.tests.ContactusTest@12db3386]" name="tearDown" is-config="true" duration-ms="233" started-at="2020-07-02T08:37:13Z" finished-at="2020-07-02T08:37:13Z">
          <reporter-output>
          </reporter-output>
        </test-method> <!-- tearDown -->
        <test-method status="PASS" signature="setUp()[pri:0, instance:com.qa.contacts.tests.ContactusTest@12db3386]" name="setUp" is-config="true" duration-ms="21477" started-at="2020-07-02T08:37:15Z" finished-at="2020-07-02T08:37:36Z">
          <reporter-output>
          </reporter-output>
        </test-method> <!-- setUp -->
        <test-method status="PASS" signature="newContactUsRequestTest(java.lang.String, java.lang.String, java.lang.String)[pri:2, instance:com.qa.contacts.tests.ContactusTest@12db3386]" name="newContactUsRequestTest" duration-ms="5563" started-at="2020-07-02T08:37:36Z" description="Verify adding new contact us request" data-provider="getContactusData" finished-at="2020-07-02T08:37:42Z">
          <params>
            <param index="0">
              <value>
                <![CDATA[Sagar]]>
              </value>
            </param>
            <param index="1">
              <value>
                <![CDATA[8925611111]]>
              </value>
            </param>
            <param index="2">
              <value>
                <![CDATA[test@test.com]]>
              </value>
            </param>
          </params>
          <reporter-output>
          </reporter-output>
        </test-method> <!-- newContactUsRequestTest -->
        <test-method status="PASS" signature="tearDown()[pri:0, instance:com.qa.contacts.tests.ContactusTest@12db3386]" name="tearDown" is-config="true" duration-ms="342" started-at="2020-07-02T08:37:42Z" finished-at="2020-07-02T08:37:42Z">
          <reporter-output>
          </reporter-output>
        </test-method> <!-- tearDown -->
      </class> <!-- com.qa.contacts.tests.ContactusTest -->
    </test> <!-- New Contact Us Request Test -->
  </suite> <!-- POC Tests - Contacts Manager -->
</testng-results>
