<?xml version="1.0" encoding="UTF-8"?>
<!-- Generated by org.testng.reporters.JUnitXMLReporter -->
<testsuite ignored="3" hostname="LAPTOP-UASL38CC" failures="0" tests="1" name="Hub Spot Functional Regression Test" time="0.093" errors="0" timestamp="27 Jun 2020 07:56:01 GMT">
  <testcase classname="com.qa.ebay.tests.LoginPageTest" name="@BeforeTest setUp" time="0.078">
    <failure type="java.lang.NoClassDefFoundError" message="org/apache/http/ssl/TrustStrategy">
      <![CDATA[java.lang.NoClassDefFoundError: org/apache/http/ssl/TrustStrategy
at io.github.bonigarcia.wdm.WebDriverManager.manage(WebDriverManager.java:500)
at io.github.bonigarcia.wdm.WebDriverManager.setup(WebDriverManager.java:260)
at com.qa.ebay.base.BasePage.init_driver(BasePage.java:37)
at com.qa.ebay.tests.LoginPageTest.setUp(LoginPageTest.java:45)
Caused by: java.lang.ClassNotFoundException: org.apache.http.ssl.TrustStrategy
at java.base/jdk.internal.loader.BuiltinClassLoader.loadClass(BuiltinClassLoader.java:583)
at java.base/jdk.internal.loader.ClassLoaders$AppClassLoader.loadClass(ClassLoaders.java:178)
at java.base/java.lang.ClassLoader.loadClass(ClassLoader.java:521)
... 28 more
... Removed 24 stack frames]]>
    </failure>
  </testcase> <!-- @BeforeTest setUp -->
  <testcase classname="com.qa.ebay.tests.LoginPageTest" name="@AfterTest tearDown" time="0.0">
    <failure type="java.lang.NullPointerException">
      <![CDATA[java.lang.NullPointerException
at com.qa.ebay.tests.LoginPageTest.tearDown(LoginPageTest.java:119)
... Removed 24 stack frames]]>
    </failure>
  </testcase> <!-- @AfterTest tearDown -->
  <testcase classname="com.qa.ebay.tests.LoginPageTest" name="verifyLoginPageTitleTest" time="0.0">
    <skipped/>
  </testcase> <!-- verifyLoginPageTitleTest -->
  <testcase classname="com.qa.ebay.tests.LoginPageTest" name="verifySignUpLinkTest" time="0.0">
    <ignored/>
  </testcase> <!-- verifySignUpLinkTest -->
  <testcase classname="com.qa.ebay.tests.LoginPageTest" name="loginTest" time="0.0">
    <ignored/>
  </testcase> <!-- loginTest -->
  <testcase classname="com.qa.ebay.tests.LoginPageTest" name="login_InvalidTestCases" time="0.0">
    <ignored/>
  </testcase> <!-- login_InvalidTestCases -->
</testsuite> <!-- Hub Spot Functional Regression Test -->
