<?xml version="1.0" encoding="UTF-8"?>
<!-- Generated by org.testng.reporters.JUnitXMLReporter -->
<testsuite ignored="0" hostname="LAPTOP-UASL38CC" failures="0" tests="3" name="POC Ebay Test" time="0.884" errors="0" timestamp="27 Jun 2020 13:32:19 GMT">
  <testcase classname="com.qa.ebay.tests.BaseTest" name="@BeforeMethod setUp" time="0.359">
    <failure type="java.lang.NoClassDefFoundError" message="org/openqa/selenium/remote/internal/ApacheHttpClient$Factory">
      <![CDATA[java.lang.NoClassDefFoundError: org/openqa/selenium/remote/internal/ApacheHttpClient$Factory
at io.appium.java_client.remote.AppiumCommandExecutor.<init>(AppiumCommandExecutor.java:52)
at io.appium.java_client.AppiumDriver.<init>(AppiumDriver.java:169)
at io.appium.java_client.android.AndroidDriver.<init>(AndroidDriver.java:82)
at com.qa.ebay.base.BasePage.launchApp(BasePage.java:43)
at com.qa.ebay.tests.BaseTest.setUp(BaseTest.java:38)
Caused by: java.lang.ClassNotFoundException: org.openqa.selenium.remote.internal.ApacheHttpClient$Factory
at java.base/jdk.internal.loader.BuiltinClassLoader.loadClass(BuiltinClassLoader.java:583)
at java.base/jdk.internal.loader.ClassLoaders$AppClassLoader.loadClass(ClassLoaders.java:178)
at java.base/java.lang.ClassLoader.loadClass(ClassLoader.java:521)
... 33 more
... Removed 28 stack frames]]>
    </failure>
  </testcase> <!-- @BeforeMethod setUp -->
  <testcase classname="com.qa.ebay.tests.BaseTest" name="@AfterMethod tearDown" time="0.0">
    <skipped/>
  </testcase> <!-- @AfterMethod tearDown -->
  <testcase classname="com.qa.ebay.tests.BaseTest" name="@BeforeMethod setUp" time="0.0">
    <skipped/>
  </testcase> <!-- @BeforeMethod setUp -->
  <testcase classname="com.qa.ebay.tests.BaseTest" name="@AfterMethod tearDown" time="0.0">
    <skipped/>
  </testcase> <!-- @AfterMethod tearDown -->
  <testcase classname="com.qa.ebay.tests.BaseTest" name="@BeforeMethod setUp" time="0.0">
    <skipped/>
  </testcase> <!-- @BeforeMethod setUp -->
  <testcase classname="com.qa.ebay.tests.BaseTest" name="@AfterMethod tearDown" time="0.0">
    <skipped/>
  </testcase> <!-- @AfterMethod tearDown -->
  <testcase classname="com.qa.ebay.tests.LoginPageTest" name="verifyLoginPageTitleTest" time="0.0">
    <skipped/>
  </testcase> <!-- verifyLoginPageTitleTest -->
  <testcase classname="com.qa.ebay.tests.LoginPageTest" name="verifySignUpLinkTest" time="0.0">
    <skipped/>
  </testcase> <!-- verifySignUpLinkTest -->
  <testcase classname="com.qa.ebay.tests.LoginPageTest" name="loginTest" time="0.0">
    <skipped/>
  </testcase> <!-- loginTest -->
</testsuite> <!-- POC Ebay Test -->
